La génération a démarré 2016-02-02 22:03:11.
     1>Projet "C:\Users\Alexis\Desktop\ExcerciceHTML\ExerciceHTML\ExerciceHTML\ExerciceHTML.vcxproj" sur le nœud 2 (Build cible(s)).
     1>ClCompile:
         C:\Program Files (x86)\Microsoft Visual Studio 12.0\VC\bin\CL.exe /c /ZI /nologo /W3 /WX- /Od /Oy- /D WIN32 /D _DEBUG /D _CONSOLE /D _LIB /D _UNICODE /D UNICODE /Gm /EHsc /RTC1 /MDd /GS /fp:precise /Zc:wchar_t /Zc:forScope /Fo"Debug\\" /Fd"Debug\vc120.pdb" /Gd /TP /analyze- /errorReport:prompt Source.cpp
         Source.cpp
     1>c:\users\alexis\desktop\excercicehtml\exercicehtml\exercicehtml\source.cpp(31): warning C4018: '<' : incompatibilité signed/unsigned
     1>c:\users\alexis\desktop\excercicehtml\exercicehtml\exercicehtml\source.cpp(34): warning C4018: '<' : incompatibilité signed/unsigned
     1>c:\users\alexis\desktop\excercicehtml\exercicehtml\exercicehtml\source.cpp(57): error C2065: 'napo' : identificateur non déclaré
     1>c:\users\alexis\desktop\excercicehtml\exercicehtml\exercicehtml\source.cpp(57): error C2143: erreur de syntaxe : absence de ';' avant '}'
     1>Génération du projet "C:\Users\Alexis\Desktop\ExcerciceHTML\ExerciceHTML\ExerciceHTML\ExerciceHTML.vcxproj" terminée (Build cible(s)) -- ÉCHEC.

ÉCHEC de la build.

Temps écoulé 00:00:00.62
